<?xml version="1.0" encoding="UTF-8"?>
<!-- Generated by org.testng.reporters.JUnitReportReporter -->
<testsuite skipped="2" hostname="Apples-MBP.gateway" name="testcases.Testcase1Test" tests="9" failures="0" timestamp="01 Aug 2018 13:56:00 GMT" time="0.034" errors="0">
  <testcase name="method1" time="0.022" classname="testcases.Testcase1Test"/>
  <testcase name="method1" time="0.002" classname="testcases.Testcase1Test"/>
  <testcase name="method2" time="0.002" classname="testcases.Testcase1Test"/>
  <testcase name="method2" time="0.001" classname="testcases.Testcase1Test"/>
  <testcase name="method3" time="0.003" classname="testcases.Testcase1Test"/>
  <testcase name="method3" time="0.001" classname="testcases.Testcase1Test"/>
  <testcase name="method3" time="0.002" classname="testcases.Testcase1Test"/>
  <testcase name="method4" time="0.001" classname="testcases.Testcase1Test">
    <skipped/>
  </testcase> <!-- method4 -->
  <testcase name="method5" time="0.000" classname="testcases.Testcase1Test">
    <skipped/>
  </testcase> <!-- method5 -->
</testsuite> <!-- testcases.Testcase1Test -->
