<?xml version="1.0" encoding="UTF-8"?>
<!-- Generated by org.testng.reporters.JUnitReportReporter -->
<testsuite skipped="0" hostname="Apples-MacBook-Pro.local" name="testcases.Testcase1Test" tests="1" failures="0" timestamp="31 Jul 2018 12:43:21 GMT" time="0.012" errors="0">
  <testcase name="method1" time="0.012" classname="testcases.Testcase1Test"/>
</testsuite> <!-- testcases.Testcase1Test -->
